<?xml version="1.0" encoding="UTF-8"?>
<!-- Generated by org.testng.reporters.JUnitReportReporter -->
<testsuite hostname="SowmyaV" failures="0" tests="1" name="testCases.TC002_LoginTest" time="4.682" errors="0" timestamp="2024-08-30T09:14:54 CDT" skipped="0">
  <testcase classname="testCases.TC002_LoginTest" name="verity_Login" time="4.682"/>
</testsuite> <!-- testCases.TC002_LoginTest -->
