<?xml version="1.0" encoding="UTF-8"?>
<!-- Generated by org.testng.reporters.JUnitReportReporter -->
<testsuite hostname="SowmyaV" failures="0" tests="1" name="testCases.TC001_AccountRegistrationTest" time="3.416" errors="0" timestamp="2024-08-30T09:14:54 CDT" skipped="0">
  <testcase classname="testCases.TC001_AccountRegistrationTest" name="verify_account_retistration" time="3.416"/>
</testsuite> <!-- testCases.TC001_AccountRegistrationTest -->
