<?xml version="1.0" encoding="UTF-8"?>
<!-- Generated by org.testng.reporters.JUnitReportReporter -->
<testsuite hostname="SowmyaV" failures="0" tests="1" name="testCases.TC002_LoginTest" time="4.523" errors="0" timestamp="2024-08-30T10:16:09 CDT" skipped="0">
  <testcase classname="testCases.TC002_LoginTest" name="verity_Login" time="4.523"/>
</testsuite> <!-- testCases.TC002_LoginTest -->
